Mai 09, 2022 4:18:14 PM B.WebServerABC main
INFORMATION: Server started.
Listening for connections on port : 8081 ...

Mai 09, 2022 4:18:20 PM B.WebServerABC run
INFORMATION: Setting up input and output streams

Mai 09, 2022 4:18:20 PM B.WebServerABC run
INFORMATION: Setting up input and output streams

Mai 09, 2022 4:18:20 PM B.WebServerABC run
INFORMATION: Getting input from client via socket and process given data

Mai 09, 2022 4:18:20 PM B.WebServerABC run
INFORMATION: Getting input from client via socket and process given data

Mai 09, 2022 4:18:20 PM B.WebServerABC run
INFORMATION: search for file requested: /website.html

Mai 09, 2022 4:18:20 PM B.WebServerABC readFileData
INFORMATION: read File Data C:\Users\sonja\Projects\VSYS-SoMa\VSYS_Abgabe2\vsys_aufgabenblatt_02-aufgabe_02\.\website.html 

Mai 09, 2022 4:18:20 PM B.WebServerABC run
INFORMATION: send header back 

Mai 09, 2022 4:18:20 PM B.WebServerABC run
INFORMATION: send html back 

Mai 09, 2022 4:18:20 PM B.WebServerABC run
INFORMATION: close all streams 

Mai 09, 2022 4:18:20 PM B.WebServerABC run
INFORMATION: connection closed

Mai 09, 2022 4:18:21 PM B.WebServerABC run
INFORMATION: search for file requested: /favicon.ico

Mai 09, 2022 4:18:21 PM B.WebServerABC readFileData
INFORMATION: read File Data C:\Users\sonja\Projects\VSYS-SoMa\VSYS_Abgabe2\vsys_aufgabenblatt_02-aufgabe_02\.\favicon.ico 

Mai 09, 2022 4:18:21 PM B.WebServerABC fileNotFound
WARNUNG: the file requested (/favicon.ico) wasn't found. Return html with info 'file not found'!

Mai 09, 2022 4:18:21 PM B.WebServerABC readFileData
INFORMATION: read File Data C:\Users\sonja\Projects\VSYS-SoMa\VSYS_Abgabe2\vsys_aufgabenblatt_02-aufgabe_02\.\404.html 

Mai 09, 2022 4:18:21 PM B.WebServerABC run
INFORMATION: connection closed

